2017-06-01 16:22:33.101 [main] DEBUG o.s.w.c.s.StandardServletEnvironment -Adding [servletConfigInitParams] PropertySource with lowest search precedence
2017-06-01 16:22:33.148 [main] DEBUG o.s.w.c.s.StandardServletEnvironment -Adding [servletContextInitParams] PropertySource with lowest search precedence
2017-06-01 16:22:33.148 [main] DEBUG o.s.w.c.s.StandardServletEnvironment -Adding [systemProperties] PropertySource with lowest search precedence
2017-06-01 16:22:33.148 [main] DEBUG o.s.w.c.s.StandardServletEnvironment -Adding [systemEnvironment] PropertySource with lowest search precedence
2017-06-01 16:22:33.148 [main] DEBUG o.s.w.c.s.StandardServletEnvironment -Initialized StandardServletEnvironment with PropertySources [servletConfigInitParams,servletContextInitParams,systemProperties,systemEnvironment]
2017-06-01 16:22:33.211 [main] INFO  com.sibat.SmartPoliceApplication -Starting SmartPoliceApplication on DESKTOP-2AI4DA3 with PID 31580 (F:\sibat\project\smart_police\smart_police\target\classes started by Programmer in F:\sibat\project\smart_police)
2017-06-01 16:22:33.211 [main] INFO  com.sibat.SmartPoliceApplication -The following profiles are active: dev
2017-06-01 16:22:33.336 [main] INFO  o.s.b.c.e.AnnotationConfigEmbeddedWebApplicationContext -Refreshing org.springframework.boot.context.embedded.AnnotationConfigEmbeddedWebApplicationContext@327b636c: startup date [Thu Jun 01 16:22:33 CST 2017]; root of context hierarchy
2017-06-01 16:22:35.133 [main] DEBUG o.s.w.c.s.StandardServletEnvironment -Adding [applicationConfig: [classpath:/application-dev.properties]] PropertySource with search precedence immediately lower than [applicationConfigurationProperties]
2017-06-01 16:22:35.133 [main] DEBUG o.s.w.c.s.StandardServletEnvironment -Adding [applicationConfig: [classpath:/application.properties]] PropertySource with search precedence immediately lower than [applicationConfig: [classpath:/application-dev.properties]]
2017-06-01 16:22:35.133 [main] DEBUG o.s.w.c.s.StandardServletEnvironment -Removing [applicationConfigurationProperties] PropertySource
2017-06-01 16:22:35.133 [main] DEBUG o.s.w.c.s.StandardServletEnvironment -Removing [defaultProperties] PropertySource
2017-06-01 16:22:36.226 [main] INFO  o.s.b.c.e.t.TomcatEmbeddedServletContainer -Tomcat initialized with port(s): 8997 (http)
2017-06-01 16:22:36.226 [main] INFO  o.a.catalina.core.StandardService -Starting service Tomcat
2017-06-01 16:22:36.226 [main] INFO  o.a.catalina.core.StandardEngine -Starting Servlet Engine: Apache Tomcat/8.5.14
2017-06-01 16:22:36.383 [localhost-startStop-1] INFO  o.a.c.c.C.[Tomcat].[localhost].[/] -Initializing Spring embedded WebApplicationContext
2017-06-01 16:22:36.383 [localhost-startStop-1] DEBUG o.s.web.context.ContextLoader -Published root WebApplicationContext as ServletContext attribute with name [org.springframework.web.context.WebApplicationContext.ROOT]
2017-06-01 16:22:36.383 [localhost-startStop-1] INFO  o.s.web.context.ContextLoader -Root WebApplicationContext: initialization completed in 3047 ms
2017-06-01 16:22:36.539 [localhost-startStop-1] DEBUG o.s.w.c.s.StandardServletEnvironment -Adding [servletConfigInitParams] PropertySource with lowest search precedence
2017-06-01 16:22:36.539 [localhost-startStop-1] DEBUG o.s.w.c.s.StandardServletEnvironment -Adding [servletContextInitParams] PropertySource with lowest search precedence
2017-06-01 16:22:36.539 [localhost-startStop-1] DEBUG o.s.w.c.s.StandardServletEnvironment -Adding [systemProperties] PropertySource with lowest search precedence
2017-06-01 16:22:36.539 [localhost-startStop-1] DEBUG o.s.w.c.s.StandardServletEnvironment -Adding [systemEnvironment] PropertySource with lowest search precedence
2017-06-01 16:22:36.539 [localhost-startStop-1] DEBUG o.s.w.c.s.StandardServletEnvironment -Initialized StandardServletEnvironment with PropertySources [servletConfigInitParams,servletContextInitParams,systemProperties,systemEnvironment]
2017-06-01 16:22:36.570 [localhost-startStop-1] DEBUG o.s.w.c.s.StandardServletEnvironment -Adding [servletConfigInitParams] PropertySource with lowest search precedence
2017-06-01 16:22:36.570 [localhost-startStop-1] DEBUG o.s.w.c.s.StandardServletEnvironment -Adding [servletContextInitParams] PropertySource with lowest search precedence
2017-06-01 16:22:36.570 [localhost-startStop-1] DEBUG o.s.w.c.s.StandardServletEnvironment -Adding [systemProperties] PropertySource with lowest search precedence
2017-06-01 16:22:36.570 [localhost-startStop-1] DEBUG o.s.w.c.s.StandardServletEnvironment -Adding [systemEnvironment] PropertySource with lowest search precedence
2017-06-01 16:22:36.570 [localhost-startStop-1] DEBUG o.s.w.c.s.StandardServletEnvironment -Initialized StandardServletEnvironment with PropertySources [servletConfigInitParams,servletContextInitParams,systemProperties,systemEnvironment]
2017-06-01 16:22:36.586 [localhost-startStop-1] DEBUG o.s.w.c.s.StandardServletEnvironment -Adding [servletConfigInitParams] PropertySource with lowest search precedence
2017-06-01 16:22:36.586 [localhost-startStop-1] DEBUG o.s.w.c.s.StandardServletEnvironment -Adding [servletContextInitParams] PropertySource with lowest search precedence
2017-06-01 16:22:36.586 [localhost-startStop-1] DEBUG o.s.w.c.s.StandardServletEnvironment -Adding [systemProperties] PropertySource with lowest search precedence
2017-06-01 16:22:36.586 [localhost-startStop-1] DEBUG o.s.w.c.s.StandardServletEnvironment -Adding [systemEnvironment] PropertySource with lowest search precedence
2017-06-01 16:22:36.586 [localhost-startStop-1] DEBUG o.s.w.c.s.StandardServletEnvironment -Initialized StandardServletEnvironment with PropertySources [servletConfigInitParams,servletContextInitParams,systemProperties,systemEnvironment]
2017-06-01 16:22:36.601 [localhost-startStop-1] DEBUG o.s.w.c.s.StandardServletEnvironment -Adding [servletConfigInitParams] PropertySource with lowest search precedence
2017-06-01 16:22:36.601 [localhost-startStop-1] DEBUG o.s.w.c.s.StandardServletEnvironment -Adding [servletContextInitParams] PropertySource with lowest search precedence
2017-06-01 16:22:36.601 [localhost-startStop-1] DEBUG o.s.w.c.s.StandardServletEnvironment -Adding [systemProperties] PropertySource with lowest search precedence
2017-06-01 16:22:36.601 [localhost-startStop-1] DEBUG o.s.w.c.s.StandardServletEnvironment -Adding [systemEnvironment] PropertySource with lowest search precedence
2017-06-01 16:22:36.601 [localhost-startStop-1] DEBUG o.s.w.c.s.StandardServletEnvironment -Initialized StandardServletEnvironment with PropertySources [servletConfigInitParams,servletContextInitParams,systemProperties,systemEnvironment]
2017-06-01 16:22:36.617 [localhost-startStop-1] INFO  o.s.b.w.s.ServletRegistrationBean -Mapping servlet: 'dispatcherServlet' to [/]
2017-06-01 16:22:36.617 [localhost-startStop-1] INFO  o.s.b.w.s.FilterRegistrationBean -Mapping filter: 'characterEncodingFilter' to: [/*]
2017-06-01 16:22:36.617 [localhost-startStop-1] INFO  o.s.b.w.s.FilterRegistrationBean -Mapping filter: 'hiddenHttpMethodFilter' to: [/*]
2017-06-01 16:22:36.617 [localhost-startStop-1] INFO  o.s.b.w.s.FilterRegistrationBean -Mapping filter: 'httpPutFormContentFilter' to: [/*]
2017-06-01 16:22:36.617 [localhost-startStop-1] INFO  o.s.b.w.s.FilterRegistrationBean -Mapping filter: 'requestContextFilter' to: [/*]
2017-06-01 16:22:36.617 [localhost-startStop-1] INFO  o.s.b.w.s.FilterRegistrationBean -Mapping filter: 'simpleCORSFilter' to: [/*]
2017-06-01 16:22:36.648 [main] DEBUG o.s.w.c.s.StandardServletEnvironment -Replacing [servletContextInitParams] PropertySource with [servletContextInitParams]
2017-06-01 16:22:37.383 [main] WARN  o.a.tomcat.jdbc.pool.ConnectionPool -maxIdle is larger than maxActive, setting maxIdle to: 10
2017-06-01 16:22:37.680 [main] INFO  o.s.o.j.LocalContainerEntityManagerFactoryBean -Building JPA container EntityManagerFactory for persistence unit 'primaryPersistenceUnit'
2017-06-01 16:22:37.695 [main] INFO  o.h.jpa.internal.util.LogHelper -HHH000204: Processing PersistenceUnitInfo [
	name: primaryPersistenceUnit
	...]
2017-06-01 16:22:37.758 [main] INFO  org.hibernate.Version -HHH000412: Hibernate Core {5.0.12.Final}
2017-06-01 16:22:37.758 [main] INFO  org.hibernate.cfg.Environment -HHH000206: hibernate.properties not found
2017-06-01 16:22:37.758 [main] INFO  org.hibernate.cfg.Environment -HHH000021: Bytecode provider name : javassist
2017-06-01 16:22:37.789 [main] INFO  o.h.annotations.common.Version -HCANN000001: Hibernate Commons Annotations {5.0.1.Final}
2017-06-01 16:22:37.930 [main] INFO  org.hibernate.dialect.Dialect -HHH000400: Using dialect: org.hibernate.dialect.PostgreSQLDialect
2017-06-01 16:22:39.549 [main] INFO  o.h.e.j.e.i.LobCreatorBuilderImpl -HHH000424: Disabling contextual LOB creation as createClob() method threw error : java.lang.reflect.InvocationTargetException
2017-06-01 16:22:39.549 [main] INFO  org.hibernate.type.BasicTypeRegistry -HHH000270: Type registration [java.util.UUID] overrides previous : org.hibernate.type.UUIDBinaryType@524a076e
2017-06-01 16:22:40.018 [main] INFO  o.s.o.j.LocalContainerEntityManagerFactoryBean -Initialized JPA EntityManagerFactory for persistence unit 'primaryPersistenceUnit'
2017-06-01 16:22:40.080 [main] INFO  o.s.o.j.LocalContainerEntityManagerFactoryBean -Building JPA container EntityManagerFactory for persistence unit 'secondaryPersistenceUnit'
2017-06-01 16:22:40.080 [main] INFO  o.h.jpa.internal.util.LogHelper -HHH000204: Processing PersistenceUnitInfo [
	name: secondaryPersistenceUnit
	...]
2017-06-01 16:22:40.096 [main] INFO  org.hibernate.dialect.Dialect -HHH000400: Using dialect: org.hibernate.dialect.PostgreSQLDialect
2017-06-01 16:22:41.735 [main] INFO  o.h.e.j.e.i.LobCreatorBuilderImpl -HHH000424: Disabling contextual LOB creation as createClob() method threw error : java.lang.reflect.InvocationTargetException
2017-06-01 16:22:41.735 [main] INFO  org.hibernate.type.BasicTypeRegistry -HHH000270: Type registration [java.util.UUID] overrides previous : org.hibernate.type.UUIDBinaryType@524a076e
2017-06-01 16:22:41.814 [main] WARN  org.hibernate.orm.deprecation -HHH90000014: Found use of deprecated [org.hibernate.id.SequenceGenerator] sequence-based id generator; use org.hibernate.id.enhanced.SequenceStyleGenerator instead.  See Hibernate Domain Model Mapping Guide for details.
2017-06-01 16:22:41.814 [main] WARN  org.hibernate.orm.deprecation -HHH90000014: Found use of deprecated [org.hibernate.id.SequenceGenerator] sequence-based id generator; use org.hibernate.id.enhanced.SequenceStyleGenerator instead.  See Hibernate Domain Model Mapping Guide for details.
2017-06-01 16:22:41.814 [main] WARN  org.hibernate.orm.deprecation -HHH90000014: Found use of deprecated [org.hibernate.id.SequenceGenerator] sequence-based id generator; use org.hibernate.id.enhanced.SequenceStyleGenerator instead.  See Hibernate Domain Model Mapping Guide for details.
2017-06-01 16:22:41.814 [main] WARN  org.hibernate.orm.deprecation -HHH90000014: Found use of deprecated [org.hibernate.id.SequenceGenerator] sequence-based id generator; use org.hibernate.id.enhanced.SequenceStyleGenerator instead.  See Hibernate Domain Model Mapping Guide for details.
2017-06-01 16:22:41.814 [main] WARN  org.hibernate.orm.deprecation -HHH90000014: Found use of deprecated [org.hibernate.id.SequenceGenerator] sequence-based id generator; use org.hibernate.id.enhanced.SequenceStyleGenerator instead.  See Hibernate Domain Model Mapping Guide for details.
2017-06-01 16:22:41.814 [main] WARN  org.hibernate.orm.deprecation -HHH90000014: Found use of deprecated [org.hibernate.id.SequenceGenerator] sequence-based id generator; use org.hibernate.id.enhanced.SequenceStyleGenerator instead.  See Hibernate Domain Model Mapping Guide for details.
2017-06-01 16:22:41.860 [main] INFO  o.s.o.j.LocalContainerEntityManagerFactoryBean -Initialized JPA EntityManagerFactory for persistence unit 'secondaryPersistenceUnit'
2017-06-01 16:22:42.235 [main] INFO  o.h.h.i.QueryTranslatorFactoryInitiator -HHH000397: Using ASTQueryTranslatorFactory
2017-06-01 16:22:42.329 [main] INFO  o.h.h.i.QueryTranslatorFactoryInitiator -HHH000397: Using ASTQueryTranslatorFactory
2017-06-01 16:22:42.751 [main] INFO  o.s.w.s.m.m.a.RequestMappingHandlerAdapter -Looking for @ControllerAdvice: org.springframework.boot.context.embedded.AnnotationConfigEmbeddedWebApplicationContext@327b636c: startup date [Thu Jun 01 16:22:33 CST 2017]; root of context hierarchy
2017-06-01 16:22:42.798 [main] DEBUG o.s.w.s.m.m.a.RequestMappingHandlerMapping -Looking for request mappings in application context: org.springframework.boot.context.embedded.AnnotationConfigEmbeddedWebApplicationContext@327b636c: startup date [Thu Jun 01 16:22:33 CST 2017]; root of context hierarchy
2017-06-01 16:22:42.814 [main] DEBUG o.s.w.s.m.m.a.RequestMappingHandlerMapping -3 request handler methods found on class com.sibat.controller.KeyPersonController: {public com.sibat.util.Response com.sibat.controller.KeyPersonController.group_by_police()={[/api/key_person/group_by_police],methods=[GET],produces=[application/json;charset=UTF-8]}, public com.sibat.util.Response com.sibat.controller.KeyPersonController.group_by_type()={[/api/key_person/group_by_type],methods=[GET],produces=[application/json;charset=UTF-8]}, public com.sibat.util.Response com.sibat.controller.KeyPersonController.warning_person(java.lang.String)={[/api/key_person/warning_person],methods=[GET],produces=[application/json;charset=UTF-8]}}
2017-06-01 16:22:42.814 [main] INFO  o.s.w.s.m.m.a.RequestMappingHandlerMapping -Mapped "{[/api/key_person/group_by_police],methods=[GET],produces=[application/json;charset=UTF-8]}" onto public com.sibat.util.Response com.sibat.controller.KeyPersonController.group_by_police()
2017-06-01 16:22:42.814 [main] INFO  o.s.w.s.m.m.a.RequestMappingHandlerMapping -Mapped "{[/api/key_person/group_by_type],methods=[GET],produces=[application/json;charset=UTF-8]}" onto public com.sibat.util.Response com.sibat.controller.KeyPersonController.group_by_type()
2017-06-01 16:22:42.814 [main] INFO  o.s.w.s.m.m.a.RequestMappingHandlerMapping -Mapped "{[/api/key_person/warning_person],methods=[GET],produces=[application/json;charset=UTF-8]}" onto public com.sibat.util.Response com.sibat.controller.KeyPersonController.warning_person(java.lang.String)
2017-06-01 16:22:42.814 [main] DEBUG o.s.w.s.m.m.a.RequestMappingHandlerMapping -1 request handler methods found on class com.sibat.controller.PreWarningController: {public com.sibat.util.Response com.sibat.controller.PreWarningController.warning_from_local_police_station()={[/pre_warning/from_local_police_station],methods=[GET],produces=[application/json;charset=UTF-8]}}
2017-06-01 16:22:42.814 [main] INFO  o.s.w.s.m.m.a.RequestMappingHandlerMapping -Mapped "{[/pre_warning/from_local_police_station],methods=[GET],produces=[application/json;charset=UTF-8]}" onto public com.sibat.util.Response com.sibat.controller.PreWarningController.warning_from_local_police_station()
2017-06-01 16:22:42.814 [main] DEBUG o.s.w.s.m.m.a.RequestMappingHandlerMapping -0 request handler methods found on class com.sibat.controller.SuspectsController: {}
2017-06-01 16:22:42.814 [main] DEBUG o.s.w.s.m.m.a.RequestMappingHandlerMapping -4 request handler methods found on class com.sibat.controller.UtilController: {public com.sibat.util.Response com.sibat.controller.UtilController.test()={[/test],methods=[GET],produces=[application/json;charset=UTF-8]}, public com.sibat.util.Response com.sibat.controller.UtilController.saveStationData()={[/saveStationData],methods=[GET],produces=[application/json;charset=UTF-8]}, public com.sibat.util.Response com.sibat.controller.UtilController.dealSubwayId()={[/dealSubwayId],methods=[GET],produces=[application/json;charset=UTF-8]}, public com.sibat.util.Response com.sibat.controller.UtilController.saveBusData()={[/saveBusData],methods=[GET],produces=[application/json;charset=UTF-8]}}
2017-06-01 16:22:42.814 [main] INFO  o.s.w.s.m.m.a.RequestMappingHandlerMapping -Mapped "{[/test],methods=[GET],produces=[application/json;charset=UTF-8]}" onto public com.sibat.util.Response com.sibat.controller.UtilController.test()
2017-06-01 16:22:42.829 [main] INFO  o.s.w.s.m.m.a.RequestMappingHandlerMapping -Mapped "{[/saveStationData],methods=[GET],produces=[application/json;charset=UTF-8]}" onto public com.sibat.util.Response com.sibat.controller.UtilController.saveStationData()
2017-06-01 16:22:42.829 [main] INFO  o.s.w.s.m.m.a.RequestMappingHandlerMapping -Mapped "{[/dealSubwayId],methods=[GET],produces=[application/json;charset=UTF-8]}" onto public com.sibat.util.Response com.sibat.controller.UtilController.dealSubwayId()
2017-06-01 16:22:42.829 [main] INFO  o.s.w.s.m.m.a.RequestMappingHandlerMapping -Mapped "{[/saveBusData],methods=[GET],produces=[application/json;charset=UTF-8]}" onto public com.sibat.util.Response com.sibat.controller.UtilController.saveBusData()
2017-06-01 16:22:42.829 [main] DEBUG o.s.w.s.m.m.a.RequestMappingHandlerMapping -1 request handler methods found on class com.sibat.controller.WarningAnalysis: {public com.sibat.util.Response com.sibat.controller.WarningAnalysis.analysis(java.lang.String,java.lang.String)={[/analysis],methods=[GET],produces=[application/json;charset=UTF-8]}}
2017-06-01 16:22:42.829 [main] INFO  o.s.w.s.m.m.a.RequestMappingHandlerMapping -Mapped "{[/analysis],methods=[GET],produces=[application/json;charset=UTF-8]}" onto public com.sibat.util.Response com.sibat.controller.WarningAnalysis.analysis(java.lang.String,java.lang.String)
2017-06-01 16:22:42.829 [main] DEBUG o.s.w.s.m.m.a.RequestMappingHandlerMapping -11 request handler methods found on class com.sibat.controller.WarningController: {public com.sibat.util.Response com.sibat.controller.WarningController.count(java.lang.String)={[/api/event/metro/count],methods=[GET],produces=[application/json;charset=UTF-8]}, public com.sibat.util.Response com.sibat.controller.WarningController.select(com.sibat.domain.pojo.WarningCondition)={[/api/event/metro/select],methods=[GET],produces=[application/json;charset=UTF-8]}, public com.sibat.util.Response com.sibat.controller.WarningController.stationList(java.lang.String,java.lang.String)={[/api/event/metro/station/list],methods=[GET],produces=[application/json;charset=UTF-8]}, public com.sibat.util.Response com.sibat.controller.WarningController.statistic_month(java.lang.String)={[/api/event/metro/statistic/month],methods=[GET],produces=[application/json;charset=UTF-8]}, public com.sibat.util.Response com.sibat.controller.WarningController.warning_bus_line()={[/api/event/metro/bus_line],methods=[GET],produces=[application/json;charset=UTF-8]}, public com.sibat.util.Response com.sibat.controller.WarningController.warning_survey()={[/api/event/metro/survey],methods=[GET],produces=[application/json;charset=UTF-8]}, public com.sibat.util.Response com.sibat.controller.WarningController.warning_lsit(java.lang.String)={[/api/event/metro/list],methods=[GET],produces=[application/json;charset=UTF-8]}, public com.sibat.util.Response com.sibat.controller.WarningController.warning_type()={[/api/event/metro/type],methods=[GET],produces=[application/json;charset=UTF-8]}, public com.sibat.util.Response com.sibat.controller.WarningController.warning_classes(java.lang.String,java.lang.String) throws java.lang.Exception={[/api/event/metro/classes],methods=[GET],produces=[application/json;charset=UTF-8]}, public com.sibat.util.Response com.sibat.controller.WarningController.warning_bus_station()={[/api/event/metro/bus_station],methods=[GET],produces=[application/json;charset=UTF-8]}, public com.sibat.util.Response com.sibat.controller.WarningController.warning_from_local_police_station(java.lang.String,java.lang.String) throws java.lang.Exception={[/api/event/metro/from_local_police_station],methods=[GET],produces=[application/json;charset=UTF-8]}}
2017-06-01 16:22:42.829 [main] INFO  o.s.w.s.m.m.a.RequestMappingHandlerMapping -Mapped "{[/api/event/metro/count],methods=[GET],produces=[application/json;charset=UTF-8]}" onto public com.sibat.util.Response com.sibat.controller.WarningController.count(java.lang.String)
2017-06-01 16:22:42.829 [main] INFO  o.s.w.s.m.m.a.RequestMappingHandlerMapping -Mapped "{[/api/event/metro/select],methods=[GET],produces=[application/json;charset=UTF-8]}" onto public com.sibat.util.Response com.sibat.controller.WarningController.select(com.sibat.domain.pojo.WarningCondition)
2017-06-01 16:22:42.829 [main] INFO  o.s.w.s.m.m.a.RequestMappingHandlerMapping -Mapped "{[/api/event/metro/station/list],methods=[GET],produces=[application/json;charset=UTF-8]}" onto public com.sibat.util.Response com.sibat.controller.WarningController.stationList(java.lang.String,java.lang.String)
2017-06-01 16:22:42.845 [main] INFO  o.s.w.s.m.m.a.RequestMappingHandlerMapping -Mapped "{[/api/event/metro/statistic/month],methods=[GET],produces=[application/json;charset=UTF-8]}" onto public com.sibat.util.Response com.sibat.controller.WarningController.statistic_month(java.lang.String)
2017-06-01 16:22:42.845 [main] INFO  o.s.w.s.m.m.a.RequestMappingHandlerMapping -Mapped "{[/api/event/metro/bus_line],methods=[GET],produces=[application/json;charset=UTF-8]}" onto public com.sibat.util.Response com.sibat.controller.WarningController.warning_bus_line()
2017-06-01 16:22:42.845 [main] INFO  o.s.w.s.m.m.a.RequestMappingHandlerMapping -Mapped "{[/api/event/metro/survey],methods=[GET],produces=[application/json;charset=UTF-8]}" onto public com.sibat.util.Response com.sibat.controller.WarningController.warning_survey()
2017-06-01 16:22:42.845 [main] INFO  o.s.w.s.m.m.a.RequestMappingHandlerMapping -Mapped "{[/api/event/metro/list],methods=[GET],produces=[application/json;charset=UTF-8]}" onto public com.sibat.util.Response com.sibat.controller.WarningController.warning_lsit(java.lang.String)
2017-06-01 16:22:42.845 [main] INFO  o.s.w.s.m.m.a.RequestMappingHandlerMapping -Mapped "{[/api/event/metro/type],methods=[GET],produces=[application/json;charset=UTF-8]}" onto public com.sibat.util.Response com.sibat.controller.WarningController.warning_type()
2017-06-01 16:22:42.845 [main] INFO  o.s.w.s.m.m.a.RequestMappingHandlerMapping -Mapped "{[/api/event/metro/classes],methods=[GET],produces=[application/json;charset=UTF-8]}" onto public com.sibat.util.Response com.sibat.controller.WarningController.warning_classes(java.lang.String,java.lang.String) throws java.lang.Exception
2017-06-01 16:22:42.845 [main] INFO  o.s.w.s.m.m.a.RequestMappingHandlerMapping -Mapped "{[/api/event/metro/bus_station],methods=[GET],produces=[application/json;charset=UTF-8]}" onto public com.sibat.util.Response com.sibat.controller.WarningController.warning_bus_station()
2017-06-01 16:22:42.845 [main] INFO  o.s.w.s.m.m.a.RequestMappingHandlerMapping -Mapped "{[/api/event/metro/from_local_police_station],methods=[GET],produces=[application/json;charset=UTF-8]}" onto public com.sibat.util.Response com.sibat.controller.WarningController.warning_from_local_police_station(java.lang.String,java.lang.String) throws java.lang.Exception
2017-06-01 16:22:42.845 [main] DEBUG o.s.w.s.m.m.a.RequestMappingHandlerMapping -2 request handler methods found on class org.springframework.boot.autoconfigure.web.BasicErrorController: {public org.springframework.http.ResponseEntity org.springframework.boot.autoconfigure.web.BasicErrorController.error(javax.servlet.http.HttpServletRequest)={[/error]}, public org.springframework.web.servlet.ModelAndView org.springframework.boot.autoconfigure.web.BasicErrorController.errorHtml(javax.servlet.http.HttpServletRequest,javax.servlet.http.HttpServletResponse)={[/error],produces=[text/html]}}
2017-06-01 16:22:42.845 [main] INFO  o.s.w.s.m.m.a.RequestMappingHandlerMapping -Mapped "{[/error]}" onto public org.springframework.http.ResponseEntity<java.util.Map<java.lang.String, java.lang.Object>> org.springframework.boot.autoconfigure.web.BasicErrorController.error(javax.servlet.http.HttpServletRequest)
2017-06-01 16:22:42.860 [main] INFO  o.s.w.s.m.m.a.RequestMappingHandlerMapping -Mapped "{[/error],produces=[text/html]}" onto public org.springframework.web.servlet.ModelAndView org.springframework.boot.autoconfigure.web.BasicErrorController.errorHtml(javax.servlet.http.HttpServletRequest,javax.servlet.http.HttpServletResponse)
2017-06-01 16:22:42.876 [main] DEBUG o.s.w.s.h.BeanNameUrlHandlerMapping -Looking for URL mappings in application context: org.springframework.boot.context.embedded.AnnotationConfigEmbeddedWebApplicationContext@327b636c: startup date [Thu Jun 01 16:22:33 CST 2017]; root of context hierarchy
2017-06-01 16:22:42.876 [main] DEBUG o.s.w.s.h.BeanNameUrlHandlerMapping -Rejected bean name 'org.springframework.context.annotation.internalConfigurationAnnotationProcessor': no URL paths identified
2017-06-01 16:22:42.876 [main] DEBUG o.s.w.s.h.BeanNameUrlHandlerMapping -Rejected bean name 'org.springframework.context.annotation.internalAutowiredAnnotationProcessor': no URL paths identified
2017-06-01 16:22:42.876 [main] DEBUG o.s.w.s.h.BeanNameUrlHandlerMapping -Rejected bean name 'org.springframework.context.annotation.internalRequiredAnnotationProcessor': no URL paths identified
2017-06-01 16:22:42.876 [main] DEBUG o.s.w.s.h.BeanNameUrlHandlerMapping -Rejected bean name 'org.springframework.context.annotation.internalCommonAnnotationProcessor': no URL paths identified
2017-06-01 16:22:42.876 [main] DEBUG o.s.w.s.h.BeanNameUrlHandlerMapping -Rejected bean name 'org.springframework.context.annotation.internalPersistenceAnnotationProcessor': no URL paths identified
2017-06-01 16:22:42.876 [main] DEBUG o.s.w.s.h.BeanNameUrlHandlerMapping -Rejected bean name 'org.springframework.context.event.internalEventListenerProcessor': no URL paths identified
2017-06-01 16:22:42.876 [main] DEBUG o.s.w.s.h.BeanNameUrlHandlerMapping -Rejected bean name 'org.springframework.context.event.internalEventListenerFactory': no URL paths identified
2017-06-01 16:22:42.876 [main] DEBUG o.s.w.s.h.BeanNameUrlHandlerMapping -Rejected bean name 'smartPoliceApplication': no URL paths identified
2017-06-01 16:22:42.876 [main] DEBUG o.s.w.s.h.BeanNameUrlHandlerMapping -Rejected bean name 'org.springframework.boot.autoconfigure.internalCachingMetadataReaderFactory': no URL paths identified
2017-06-01 16:22:42.876 [main] DEBUG o.s.w.s.h.BeanNameUrlHandlerMapping -Rejected bean name 'dataSourceConfig': no URL paths identified
2017-06-01 16:22:42.876 [main] DEBUG o.s.w.s.h.BeanNameUrlHandlerMapping -Rejected bean name 'primaryConfig': no URL paths identified
2017-06-01 16:22:42.876 [main] DEBUG o.s.w.s.h.BeanNameUrlHandlerMapping -Rejected bean name 'secondaryConfig': no URL paths identified
2017-06-01 16:22:42.876 [main] DEBUG o.s.w.s.h.BeanNameUrlHandlerMapping -Rejected bean name 'simpleCORSFilter': no URL paths identified
2017-06-01 16:22:42.876 [main] DEBUG o.s.w.s.h.BeanNameUrlHandlerMapping -Rejected bean name 'keyPersonController': no URL paths identified
2017-06-01 16:22:42.892 [main] DEBUG o.s.w.s.h.BeanNameUrlHandlerMapping -Rejected bean name 'preWarningController': no URL paths identified
2017-06-01 16:22:42.892 [main] DEBUG o.s.w.s.h.BeanNameUrlHandlerMapping -Rejected bean name 'suspectsController': no URL paths identified
2017-06-01 16:22:42.892 [main] DEBUG o.s.w.s.h.BeanNameUrlHandlerMapping -Rejected bean name 'utilController': no URL paths identified
2017-06-01 16:22:42.892 [main] DEBUG o.s.w.s.h.BeanNameUrlHandlerMapping -Rejected bean name 'warningAnalysis': no URL paths identified
2017-06-01 16:22:42.892 [main] DEBUG o.s.w.s.h.BeanNameUrlHandlerMapping -Rejected bean name 'warningController': no URL paths identified
2017-06-01 16:22:42.892 [main] DEBUG o.s.w.s.h.BeanNameUrlHandlerMapping -Rejected bean name 'batchService': no URL paths identified
2017-06-01 16:22:42.892 [main] DEBUG o.s.w.s.h.BeanNameUrlHandlerMapping -Rejected bean name 'scheduleService': no URL paths identified
2017-06-01 16:22:42.892 [main] DEBUG o.s.w.s.h.BeanNameUrlHandlerMapping -Rejected bean name 'utilService': no URL paths identified
2017-06-01 16:22:42.892 [main] DEBUG o.s.w.s.h.BeanNameUrlHandlerMapping -Rejected bean name 'primaryDataSource': no URL paths identified
2017-06-01 16:22:42.892 [main] DEBUG o.s.w.s.h.BeanNameUrlHandlerMapping -Rejected bean name 'secondaryDataSource': no URL paths identified
2017-06-01 16:22:42.892 [main] DEBUG o.s.w.s.h.BeanNameUrlHandlerMapping -Rejected bean name 'org.springframework.transaction.annotation.ProxyTransactionManagementConfiguration': no URL paths identified
2017-06-01 16:22:42.892 [main] DEBUG o.s.w.s.h.BeanNameUrlHandlerMapping -Rejected bean name 'org.springframework.transaction.config.internalTransactionAdvisor': no URL paths identified
2017-06-01 16:22:42.892 [main] DEBUG o.s.w.s.h.BeanNameUrlHandlerMapping -Rejected bean name 'transactionAttributeSource': no URL paths identified
2017-06-01 16:22:42.892 [main] DEBUG o.s.w.s.h.BeanNameUrlHandlerMapping -Rejected bean name 'transactionInterceptor': no URL paths identified
2017-06-01 16:22:42.892 [main] DEBUG o.s.w.s.h.BeanNameUrlHandlerMapping -Rejected bean name 'org.springframework.transaction.config.internalTransactionalEventListenerFactory': no URL paths identified
2017-06-01 16:22:42.892 [main] DEBUG o.s.w.s.h.BeanNameUrlHandlerMapping -Rejected bean name 'entityManagerPrimary': no URL paths identified
2017-06-01 16:22:42.892 [main] DEBUG o.s.w.s.h.BeanNameUrlHandlerMapping -Rejected bean name 'entityManagerFactoryPrimary': no URL paths identified
2017-06-01 16:22:42.892 [main] DEBUG o.s.w.s.h.BeanNameUrlHandlerMapping -Rejected bean name 'transactionManagerPrimary': no URL paths identified
2017-06-01 16:22:42.892 [main] DEBUG o.s.w.s.h.BeanNameUrlHandlerMapping -Rejected bean name 'org.springframework.aop.config.internalAutoProxyCreator': no URL paths identified
2017-06-01 16:22:42.892 [main] DEBUG o.s.w.s.h.BeanNameUrlHandlerMapping -Rejected bean name 'org.springframework.data.jpa.repository.config.JpaRepositoryConfigExtension#0': no URL paths identified
2017-06-01 16:22:42.892 [main] DEBUG o.s.w.s.h.BeanNameUrlHandlerMapping -Rejected bean name 'emBeanDefinitionRegistrarPostProcessor': no URL paths identified
2017-06-01 16:22:42.892 [main] DEBUG o.s.w.s.h.BeanNameUrlHandlerMapping -Rejected bean name 'jpaMappingContext': no URL paths identified
2017-06-01 16:22:42.892 [main] DEBUG o.s.w.s.h.BeanNameUrlHandlerMapping -Rejected bean name 'jpaContext': no URL paths identified
2017-06-01 16:22:42.892 [main] DEBUG o.s.w.s.h.BeanNameUrlHandlerMapping -Rejected bean name 'personPathDao': no URL paths identified
2017-06-01 16:22:42.892 [main] DEBUG o.s.w.s.h.BeanNameUrlHandlerMapping -Rejected bean name 'keyPersonDao': no URL paths identified
2017-06-01 16:22:42.892 [main] DEBUG o.s.w.s.h.BeanNameUrlHandlerMapping -Rejected bean name 'jqfxJqlrDtDao': no URL paths identified
2017-06-01 16:22:42.892 [main] DEBUG o.s.w.s.h.BeanNameUrlHandlerMapping -Rejected bean name 'busWarningDao': no URL paths identified
2017-06-01 16:22:42.892 [main] DEBUG o.s.w.s.h.BeanNameUrlHandlerMapping -Rejected bean name 'entityManagerSecondary': no URL paths identified
2017-06-01 16:22:42.892 [main] DEBUG o.s.w.s.h.BeanNameUrlHandlerMapping -Rejected bean name 'entityManagerFactorySecondary': no URL paths identified
2017-06-01 16:22:42.892 [main] DEBUG o.s.w.s.h.BeanNameUrlHandlerMapping -Rejected bean name 'transactionManagerSecondary': no URL paths identified
2017-06-01 16:22:42.892 [main] DEBUG o.s.w.s.h.BeanNameUrlHandlerMapping -Rejected bean name 'subwayEventDao': no URL paths identified
2017-06-01 16:22:42.892 [main] DEBUG o.s.w.s.h.BeanNameUrlHandlerMapping -Rejected bean name 'eventCategoryCountDao': no URL paths identified
2017-06-01 16:22:42.892 [main] DEBUG o.s.w.s.h.BeanNameUrlHandlerMapping -Rejected bean name 'busEventDao': no URL paths identified
2017-06-01 16:22:42.892 [main] DEBUG o.s.w.s.h.BeanNameUrlHandlerMapping -Rejected bean name 'stationDao': no URL paths identified
2017-06-01 16:22:42.892 [main] DEBUG o.s.w.s.h.BeanNameUrlHandlerMapping -Rejected bean name 'localPoliceEventDao': no URL paths identified
2017-06-01 16:22:42.892 [main] DEBUG o.s.w.s.h.BeanNameUrlHandlerMapping -Rejected bean name 'eventCountDao': no URL paths identified
2017-06-01 16:22:42.892 [main] DEBUG o.s.w.s.h.BeanNameUrlHandlerMapping -Rejected bean name 'org.springframework.scheduling.annotation.SchedulingConfiguration': no URL paths identified
2017-06-01 16:22:42.892 [main] DEBUG o.s.w.s.h.BeanNameUrlHandlerMapping -Rejected bean name 'org.springframework.context.annotation.internalScheduledAnnotationProcessor': no URL paths identified
2017-06-01 16:22:42.892 [main] DEBUG o.s.w.s.h.BeanNameUrlHandlerMapping -Rejected bean name 'org.springframework.boot.autoconfigure.AutoConfigurationPackages': no URL paths identified
2017-06-01 16:22:42.892 [main] DEBUG o.s.w.s.h.BeanNameUrlHandlerMapping -Rejected bean name 'org.springframework.boot.autoconfigure.context.PropertyPlaceholderAutoConfiguration': no URL paths identified
2017-06-01 16:22:42.892 [main] DEBUG o.s.w.s.h.BeanNameUrlHandlerMapping -Rejected bean name 'org.springframework.boot.autoconfigure.condition.BeanTypeRegistry': no URL paths identified
2017-06-01 16:22:42.892 [main] DEBUG o.s.w.s.h.BeanNameUrlHandlerMapping -Rejected bean name 'propertySourcesPlaceholderConfigurer': no URL paths identified
2017-06-01 16:22:42.892 [main] DEBUG o.s.w.s.h.BeanNameUrlHandlerMapping -Rejected bean name 'org.springframework.boot.autoconfigure.jackson.JacksonAutoConfiguration$Jackson2ObjectMapperBuilderCustomizerConfiguration': no URL paths identified
2017-06-01 16:22:42.892 [main] DEBUG o.s.w.s.h.BeanNameUrlHandlerMapping -Rejected bean name 'standardJacksonObjectMapperBuilderCustomizer': no URL paths identified
2017-06-01 16:22:42.892 [main] DEBUG o.s.w.s.h.BeanNameUrlHandlerMapping -Rejected bean name 'spring.jackson-org.springframework.boot.autoconfigure.jackson.JacksonProperties': no URL paths identified
2017-06-01 16:22:42.892 [main] DEBUG o.s.w.s.h.BeanNameUrlHandlerMapping -Rejected bean name 'org.springframework.boot.context.properties.ConfigurationPropertiesBindingPostProcessor': no URL paths identified
2017-06-01 16:22:42.892 [main] DEBUG o.s.w.s.h.BeanNameUrlHandlerMapping -Rejected bean name 'org.springframework.boot.context.properties.ConfigurationPropertiesBindingPostProcessor.store': no URL paths identified
2017-06-01 16:22:42.892 [main] DEBUG o.s.w.s.h.BeanNameUrlHandlerMapping -Rejected bean name 'org.springframework.boot.autoconfigure.jackson.JacksonAutoConfiguration$JacksonObjectMapperBuilderConfiguration': no URL paths identified
2017-06-01 16:22:42.892 [main] DEBUG o.s.w.s.h.BeanNameUrlHandlerMapping -Rejected bean name 'jacksonObjectMapperBuilder': no URL paths identified
2017-06-01 16:22:42.892 [main] DEBUG o.s.w.s.h.BeanNameUrlHandlerMapping -Rejected bean name 'org.springframework.boot.autoconfigure.jackson.JacksonAutoConfiguration$JacksonObjectMapperConfiguration': no URL paths identified
2017-06-01 16:22:42.892 [main] DEBUG o.s.w.s.h.BeanNameUrlHandlerMapping -Rejected bean name 'jacksonObjectMapper': no URL paths identified
2017-06-01 16:22:42.892 [main] DEBUG o.s.w.s.h.BeanNameUrlHandlerMapping -Rejected bean name 'org.springframework.boot.autoconfigure.jackson.JacksonAutoConfiguration': no URL paths identified
2017-06-01 16:22:42.892 [main] DEBUG o.s.w.s.h.BeanNameUrlHandlerMapping -Rejected bean name 'jsonComponentModule': no URL paths identified
2017-06-01 16:22:42.892 [main] DEBUG o.s.w.s.h.BeanNameUrlHandlerMapping -Rejected bean name 'org.springframework.boot.autoconfigure.websocket.WebSocketAutoConfiguration$TomcatWebSocketConfiguration': no URL paths identified
2017-06-01 16:22:42.892 [main] DEBUG o.s.w.s.h.BeanNameUrlHandlerMapping -Rejected bean name 'websocketContainerCustomizer': no URL paths identified
2017-06-01 16:22:42.892 [main] DEBUG o.s.w.s.h.BeanNameUrlHandlerMapping -Rejected bean name 'org.springframework.boot.autoconfigure.websocket.WebSocketAutoConfiguration': no URL paths identified
2017-06-01 16:22:42.892 [main] DEBUG o.s.w.s.h.BeanNameUrlHandlerMapping -Rejected bean name 'org.springframework.boot.autoconfigure.web.EmbeddedServletContainerAutoConfiguration$EmbeddedTomcat': no URL paths identified
2017-06-01 16:22:42.892 [main] DEBUG o.s.w.s.h.BeanNameUrlHandlerMapping -Rejected bean name 'tomcatEmbeddedServletContainerFactory': no URL paths identified
2017-06-01 16:22:42.892 [main] DEBUG o.s.w.s.h.BeanNameUrlHandlerMapping -Rejected bean name 'org.springframework.boot.autoconfigure.web.EmbeddedServletContainerAutoConfiguration': no URL paths identified
2017-06-01 16:22:42.892 [main] DEBUG o.s.w.s.h.BeanNameUrlHandlerMapping -Rejected bean name 'embeddedServletContainerCustomizerBeanPostProcessor': no URL paths identified
2017-06-01 16:22:42.892 [main] DEBUG o.s.w.s.h.BeanNameUrlHandlerMapping -Rejected bean name 'errorPageRegistrarBeanPostProcessor': no URL paths identified
2017-06-01 16:22:42.892 [main] DEBUG o.s.w.s.h.BeanNameUrlHandlerMapping -Rejected bean name 'org.springframework.boot.autoconfigure.web.DispatcherServletAutoConfiguration$DispatcherServletConfiguration': no URL paths identified
2017-06-01 16:22:42.892 [main] DEBUG o.s.w.s.h.BeanNameUrlHandlerMapping -Rejected bean name 'dispatcherServlet': no URL paths identified
2017-06-01 16:22:42.892 [main] DEBUG o.s.w.s.h.BeanNameUrlHandlerMapping -Rejected bean name 'spring.mvc-org.springframework.boot.autoconfigure.web.WebMvcProperties': no URL paths identified
2017-06-01 16:22:42.892 [main] DEBUG o.s.w.s.h.BeanNameUrlHandlerMapping -Rejected bean name 'org.springframework.boot.autoconfigure.web.DispatcherServletAutoConfiguration$DispatcherServletRegistrationConfiguration': no URL paths identified
2017-06-01 16:22:42.892 [main] DEBUG o.s.w.s.h.BeanNameUrlHandlerMapping -Rejected bean name 'dispatcherServletRegistration': no URL paths identified
2017-06-01 16:22:42.892 [main] DEBUG o.s.w.s.h.BeanNameUrlHandlerMapping -Rejected bean name 'org.springframework.boot.autoconfigure.web.DispatcherServletAutoConfiguration': no URL paths identified
2017-06-01 16:22:42.892 [main] DEBUG o.s.w.s.h.BeanNameUrlHandlerMapping -Rejected bean name 'org.springframework.boot.autoconfigure.validation.DefaultValidatorConfiguration': no URL paths identified
2017-06-01 16:22:42.892 [main] DEBUG o.s.w.s.h.BeanNameUrlHandlerMapping -Rejected bean name 'defaultValidator': no URL paths identified
2017-06-01 16:22:42.892 [main] DEBUG o.s.w.s.h.BeanNameUrlHandlerMapping -Rejected bean name 'org.springframework.boot.autoconfigure.validation.Jsr303ValidatorAdapterConfiguration': no URL paths identified
2017-06-01 16:22:42.892 [main] DEBUG o.s.w.s.h.BeanNameUrlHandlerMapping -Rejected bean name 'org.springframework.boot.autoconfigure.validation.ValidationAutoConfiguration': no URL paths identified
2017-06-01 16:22:42.892 [main] DEBUG o.s.w.s.h.BeanNameUrlHandlerMapping -Rejected bean name 'methodValidationPostProcessor': no URL paths identified
2017-06-01 16:22:42.892 [main] DEBUG o.s.w.s.h.BeanNameUrlHandlerMapping -Rejected bean name 'org.springframework.boot.autoconfigure.web.ErrorMvcAutoConfiguration$WhitelabelErrorViewConfiguration': no URL paths identified
2017-06-01 16:22:42.892 [main] DEBUG o.s.w.s.h.BeanNameUrlHandlerMapping -Rejected bean name 'error': no URL paths identified
2017-06-01 16:22:42.892 [main] DEBUG o.s.w.s.h.BeanNameUrlHandlerMapping -Rejected bean name 'beanNameViewResolver': no URL paths identified
2017-06-01 16:22:42.892 [main] DEBUG o.s.w.s.h.BeanNameUrlHandlerMapping -Rejected bean name 'org.springframework.boot.autoconfigure.web.ErrorMvcAutoConfiguration$DefaultErrorViewResolverConfiguration': no URL paths identified
2017-06-01 16:22:42.892 [main] DEBUG o.s.w.s.h.BeanNameUrlHandlerMapping -Rejected bean name 'conventionErrorViewResolver': no URL paths identified
2017-06-01 16:22:42.892 [main] DEBUG o.s.w.s.h.BeanNameUrlHandlerMapping -Rejected bean name 'org.springframework.boot.autoconfigure.web.ErrorMvcAutoConfiguration': no URL paths identified
2017-06-01 16:22:42.892 [main] DEBUG o.s.w.s.h.BeanNameUrlHandlerMapping -Rejected bean name 'errorAttributes': no URL paths identified
2017-06-01 16:22:42.892 [main] DEBUG o.s.w.s.h.BeanNameUrlHandlerMapping -Rejected bean name 'basicErrorController': no URL paths identified
2017-06-01 16:22:42.892 [main] DEBUG o.s.w.s.h.BeanNameUrlHandlerMapping -Rejected bean name 'errorPageCustomizer': no URL paths identified
2017-06-01 16:22:42.892 [main] DEBUG o.s.w.s.h.BeanNameUrlHandlerMapping -Rejected bean name 'preserveErrorControllerTargetClassPostProcessor': no URL paths identified
2017-06-01 16:22:42.892 [main] DEBUG o.s.w.s.h.BeanNameUrlHandlerMapping -Rejected bean name 'spring.resources-org.springframework.boot.autoconfigure.web.ResourceProperties': no URL paths identified
2017-06-01 16:22:42.892 [main] DEBUG o.s.w.s.h.BeanNameUrlHandlerMapping -Rejected bean name 'org.springframework.boot.autoconfigure.web.WebMvcAutoConfiguration$EnableWebMvcConfiguration': no URL paths identified
2017-06-01 16:22:42.892 [main] DEBUG o.s.w.s.h.BeanNameUrlHandlerMapping -Rejected bean name 'requestMappingHandlerAdapter': no URL paths identified
2017-06-01 16:22:42.892 [main] DEBUG o.s.w.s.h.BeanNameUrlHandlerMapping -Rejected bean name 'requestMappingHandlerMapping': no URL paths identified
2017-06-01 16:22:42.892 [main] DEBUG o.s.w.s.h.BeanNameUrlHandlerMapping -Rejected bean name 'mvcContentNegotiationManager': no URL paths identified
2017-06-01 16:22:42.892 [main] DEBUG o.s.w.s.h.BeanNameUrlHandlerMapping -Rejected bean name 'mvcPathMatcher': no URL paths identified
2017-06-01 16:22:42.892 [main] DEBUG o.s.w.s.h.BeanNameUrlHandlerMapping -Rejected bean name 'mvcUrlPathHelper': no URL paths identified
2017-06-01 16:22:42.892 [main] DEBUG o.s.w.s.h.BeanNameUrlHandlerMapping -Rejected bean name 'viewControllerHandlerMapping': no URL paths identified
2017-06-01 16:22:42.892 [main] DEBUG o.s.w.s.h.BeanNameUrlHandlerMapping -Rejected bean name 'beanNameHandlerMapping': no URL paths identified
2017-06-01 16:22:42.892 [main] DEBUG o.s.w.s.h.BeanNameUrlHandlerMapping -Rejected bean name 'resourceHandlerMapping': no URL paths identified
2017-06-01 16:22:42.892 [main] DEBUG o.s.w.s.h.BeanNameUrlHandlerMapping -Rejected bean name 'mvcResourceUrlProvider': no URL paths identified
2017-06-01 16:22:42.892 [main] DEBUG o.s.w.s.h.BeanNameUrlHandlerMapping -Rejected bean name 'defaultServletHandlerMapping': no URL paths identified
2017-06-01 16:22:42.892 [main] DEBUG o.s.w.s.h.BeanNameUrlHandlerMapping -Rejected bean name 'mvcConversionService': no URL paths identified
2017-06-01 16:22:42.892 [main] DEBUG o.s.w.s.h.BeanNameUrlHandlerMapping -Rejected bean name 'mvcUriComponentsContributor': no URL paths identified
2017-06-01 16:22:42.892 [main] DEBUG o.s.w.s.h.BeanNameUrlHandlerMapping -Rejected bean name 'httpRequestHandlerAdapter': no URL paths identified
2017-06-01 16:22:42.892 [main] DEBUG o.s.w.s.h.BeanNameUrlHandlerMapping -Rejected bean name 'simpleControllerHandlerAdapter': no URL paths identified
2017-06-01 16:22:42.892 [main] DEBUG o.s.w.s.h.BeanNameUrlHandlerMapping -Rejected bean name 'handlerExceptionResolver': no URL paths identified
2017-06-01 16:22:42.892 [main] DEBUG o.s.w.s.h.BeanNameUrlHandlerMapping -Rejected bean name 'mvcViewResolver': no URL paths identified
2017-06-01 16:22:42.892 [main] DEBUG o.s.w.s.h.BeanNameUrlHandlerMapping -Rejected bean name 'org.springframework.boot.autoconfigure.web.WebMvcAutoConfiguration$WebMvcAutoConfigurationAdapter$FaviconConfiguration': no URL paths identified
2017-06-01 16:22:42.892 [main] DEBUG o.s.w.s.h.BeanNameUrlHandlerMapping -Rejected bean name 'faviconHandlerMapping': no URL paths identified
2017-06-01 16:22:42.892 [main] DEBUG o.s.w.s.h.BeanNameUrlHandlerMapping -Rejected bean name 'faviconRequestHandler': no URL paths identified
2017-06-01 16:22:42.892 [main] DEBUG o.s.w.s.h.BeanNameUrlHandlerMapping -Rejected bean name 'org.springframework.boot.autoconfigure.web.WebMvcAutoConfiguration$WebMvcAutoConfigurationAdapter': no URL paths identified
2017-06-01 16:22:42.892 [main] DEBUG o.s.w.s.h.BeanNameUrlHandlerMapping -Rejected bean name 'defaultViewResolver': no URL paths identified
2017-06-01 16:22:42.892 [main] DEBUG o.s.w.s.h.BeanNameUrlHandlerMapping -Rejected bean name 'viewResolver': no URL paths identified
2017-06-01 16:22:42.892 [main] DEBUG o.s.w.s.h.BeanNameUrlHandlerMapping -Rejected bean name 'welcomePageHandlerMapping': no URL paths identified
2017-06-01 16:22:42.892 [main] DEBUG o.s.w.s.h.BeanNameUrlHandlerMapping -Rejected bean name 'requestContextFilter': no URL paths identified
2017-06-01 16:22:42.892 [main] DEBUG o.s.w.s.h.BeanNameUrlHandlerMapping -Rejected bean name 'org.springframework.boot.autoconfigure.web.WebMvcAutoConfiguration': no URL paths identified
2017-06-01 16:22:42.892 [main] DEBUG o.s.w.s.h.BeanNameUrlHandlerMapping -Rejected bean name 'hiddenHttpMethodFilter': no URL paths identified
2017-06-01 16:22:42.892 [main] DEBUG o.s.w.s.h.BeanNameUrlHandlerMapping -Rejected bean name 'httpPutFormContentFilter': no URL paths identified
2017-06-01 16:22:42.892 [main] DEBUG o.s.w.s.h.BeanNameUrlHandlerMapping -Rejected bean name 'org.springframework.boot.autoconfigure.jmx.JmxAutoConfiguration': no URL paths identified
2017-06-01 16:22:42.892 [main] DEBUG o.s.w.s.h.BeanNameUrlHandlerMapping -Rejected bean name 'mbeanExporter': no URL paths identified
2017-06-01 16:22:42.892 [main] DEBUG o.s.w.s.h.BeanNameUrlHandlerMapping -Rejected bean name 'objectNamingStrategy': no URL paths identified
2017-06-01 16:22:42.907 [main] DEBUG o.s.w.s.h.BeanNameUrlHandlerMapping -Rejected bean name 'mbeanServer': no URL paths identified
2017-06-01 16:22:42.907 [main] DEBUG o.s.w.s.h.BeanNameUrlHandlerMapping -Rejected bean name 'org.springframework.boot.autoconfigure.aop.AopAutoConfiguration$JdkDynamicAutoProxyConfiguration': no URL paths identified
2017-06-01 16:22:42.907 [main] DEBUG o.s.w.s.h.BeanNameUrlHandlerMapping -Rejected bean name 'org.springframework.boot.autoconfigure.aop.AopAutoConfiguration': no URL paths identified
2017-06-01 16:22:42.907 [main] DEBUG o.s.w.s.h.BeanNameUrlHandlerMapping -Rejected bean name 'org.springframework.boot.autoconfigure.transaction.jta.JtaAutoConfiguration': no URL paths identified
2017-06-01 16:22:42.907 [main] DEBUG o.s.w.s.h.BeanNameUrlHandlerMapping -Rejected bean name 'spring.jta-org.springframework.boot.autoconfigure.transaction.jta.JtaProperties': no URL paths identified
2017-06-01 16:22:42.907 [main] DEBUG o.s.w.s.h.BeanNameUrlHandlerMapping -Rejected bean name 'org.springframework.boot.autoconfigure.jdbc.metadata.DataSourcePoolMetadataProvidersConfiguration$TomcatDataSourcePoolMetadataProviderConfiguration': no URL paths identified
2017-06-01 16:22:42.907 [main] DEBUG o.s.w.s.h.BeanNameUrlHandlerMapping -Rejected bean name 'tomcatPoolDataSourceMetadataProvider': no URL paths identified
2017-06-01 16:22:42.907 [main] DEBUG o.s.w.s.h.BeanNameUrlHandlerMapping -Rejected bean name 'org.springframework.boot.autoconfigure.jdbc.metadata.DataSourcePoolMetadataProvidersConfiguration': no URL paths identified
2017-06-01 16:22:42.907 [main] DEBUG o.s.w.s.h.BeanNameUrlHandlerMapping -Rejected bean name 'org.springframework.boot.autoconfigure.jdbc.DataSourceAutoConfiguration': no URL paths identified
2017-06-01 16:22:42.907 [main] DEBUG o.s.w.s.h.BeanNameUrlHandlerMapping -Rejected bean name 'dataSourceInitializer': no URL paths identified
2017-06-01 16:22:42.907 [main] DEBUG o.s.w.s.h.BeanNameUrlHandlerMapping -Rejected bean name 'spring.datasource-org.springframework.boot.autoconfigure.jdbc.DataSourceProperties': no URL paths identified
2017-06-01 16:22:42.907 [main] DEBUG o.s.w.s.h.BeanNameUrlHandlerMapping -Rejected bean name 'dataSourceInitializerPostProcessor': no URL paths identified
2017-06-01 16:22:42.907 [main] DEBUG o.s.w.s.h.BeanNameUrlHandlerMapping -Rejected bean name 'org.springframework.boot.autoconfigure.orm.jpa.JpaBaseConfiguration$JpaWebConfiguration$JpaWebMvcConfiguration': no URL paths identified
2017-06-01 16:22:42.907 [main] DEBUG o.s.w.s.h.BeanNameUrlHandlerMapping -Rejected bean name 'openEntityManagerInViewInterceptor': no URL paths identified
2017-06-01 16:22:42.907 [main] DEBUG o.s.w.s.h.BeanNameUrlHandlerMapping -Rejected bean name 'org.springframework.boot.autoconfigure.orm.jpa.JpaBaseConfiguration$JpaWebConfiguration': no URL paths identified
2017-06-01 16:22:42.907 [main] DEBUG o.s.w.s.h.BeanNameUrlHandlerMapping -Rejected bean name 'org.springframework.boot.autoconfigure.orm.jpa.HibernateJpaAutoConfiguration': no URL paths identified
2017-06-01 16:22:42.907 [main] DEBUG o.s.w.s.h.BeanNameUrlHandlerMapping -Rejected bean name 'jpaVendorAdapter': no URL paths identified
2017-06-01 16:22:42.907 [main] DEBUG o.s.w.s.h.BeanNameUrlHandlerMapping -Rejected bean name 'entityManagerFactoryBuilder': no URL paths identified
2017-06-01 16:22:42.907 [main] DEBUG o.s.w.s.h.BeanNameUrlHandlerMapping -Rejected bean name 'spring.jpa-org.springframework.boot.autoconfigure.orm.jpa.JpaProperties': no URL paths identified
2017-06-01 16:22:42.907 [main] DEBUG o.s.w.s.h.BeanNameUrlHandlerMapping -Rejected bean name 'dataSourceInitializedPublisher': no URL paths identified
2017-06-01 16:22:42.907 [main] DEBUG o.s.w.s.h.BeanNameUrlHandlerMapping -Rejected bean name 'org.springframework.boot.autoconfigure.context.ConfigurationPropertiesAutoConfiguration': no URL paths identified
2017-06-01 16:22:42.907 [main] DEBUG o.s.w.s.h.BeanNameUrlHandlerMapping -Rejected bean name 'org.springframework.boot.autoconfigure.dao.PersistenceExceptionTranslationAutoConfiguration': no URL paths identified
2017-06-01 16:22:42.907 [main] DEBUG o.s.w.s.h.BeanNameUrlHandlerMapping -Rejected bean name 'persistenceExceptionTranslationPostProcessor': no URL paths identified
2017-06-01 16:22:42.907 [main] DEBUG o.s.w.s.h.BeanNameUrlHandlerMapping -Rejected bean name 'org.springframework.boot.autoconfigure.web.HttpMessageConvertersAutoConfiguration$StringHttpMessageConverterConfiguration': no URL paths identified
2017-06-01 16:22:42.907 [main] DEBUG o.s.w.s.h.BeanNameUrlHandlerMapping -Rejected bean name 'stringHttpMessageConverter': no URL paths identified
2017-06-01 16:22:42.907 [main] DEBUG o.s.w.s.h.BeanNameUrlHandlerMapping -Rejected bean name 'spring.http.encoding-org.springframework.boot.autoconfigure.web.HttpEncodingProperties': no URL paths identified
2017-06-01 16:22:42.907 [main] DEBUG o.s.w.s.h.BeanNameUrlHandlerMapping -Rejected bean name 'org.springframework.boot.autoconfigure.web.JacksonHttpMessageConvertersConfiguration$MappingJackson2HttpMessageConverterConfiguration': no URL paths identified
2017-06-01 16:22:42.907 [main] DEBUG o.s.w.s.h.BeanNameUrlHandlerMapping -Rejected bean name 'mappingJackson2HttpMessageConverter': no URL paths identified
2017-06-01 16:22:42.907 [main] DEBUG o.s.w.s.h.BeanNameUrlHandlerMapping -Rejected bean name 'org.springframework.boot.autoconfigure.web.JacksonHttpMessageConvertersConfiguration': no URL paths identified
2017-06-01 16:22:42.907 [main] DEBUG o.s.w.s.h.BeanNameUrlHandlerMapping -Rejected bean name 'org.springframework.boot.autoconfigure.web.HttpMessageConvertersAutoConfiguration': no URL paths identified
2017-06-01 16:22:42.907 [main] DEBUG o.s.w.s.h.BeanNameUrlHandlerMapping -Rejected bean name 'messageConverters': no URL paths identified
2017-06-01 16:22:42.907 [main] DEBUG o.s.w.s.h.BeanNameUrlHandlerMapping -Rejected bean name 'org.springframework.data.web.config.SpringDataWebConfiguration': no URL paths identified
2017-06-01 16:22:42.907 [main] DEBUG o.s.w.s.h.BeanNameUrlHandlerMapping -Rejected bean name 'pageableResolver': no URL paths identified
2017-06-01 16:22:42.907 [main] DEBUG o.s.w.s.h.BeanNameUrlHandlerMapping -Rejected bean name 'sortResolver': no URL paths identified
2017-06-01 16:22:42.907 [main] DEBUG o.s.w.s.h.BeanNameUrlHandlerMapping -Rejected bean name 'org.springframework.data.web.config.SpringDataJacksonConfiguration': no URL paths identified
2017-06-01 16:22:42.907 [main] DEBUG o.s.w.s.h.BeanNameUrlHandlerMapping -Rejected bean name 'jacksonGeoModule': no URL paths identified
2017-06-01 16:22:42.907 [main] DEBUG o.s.w.s.h.BeanNameUrlHandlerMapping -Rejected bean name 'org.springframework.boot.autoconfigure.data.web.SpringDataWebAutoConfiguration': no URL paths identified
2017-06-01 16:22:42.907 [main] DEBUG o.s.w.s.h.BeanNameUrlHandlerMapping -Rejected bean name 'org.springframework.boot.autoconfigure.info.ProjectInfoAutoConfiguration': no URL paths identified
2017-06-01 16:22:42.907 [main] DEBUG o.s.w.s.h.BeanNameUrlHandlerMapping -Rejected bean name 'spring.info-org.springframework.boot.autoconfigure.info.ProjectInfoProperties': no URL paths identified
2017-06-01 16:22:42.907 [main] DEBUG o.s.w.s.h.BeanNameUrlHandlerMapping -Rejected bean name 'org.springframework.boot.autoconfigure.jdbc.DataSourceTransactionManagerAutoConfiguration$DataSourceTransactionManagerConfiguration': no URL paths identified
2017-06-01 16:22:42.907 [main] DEBUG o.s.w.s.h.BeanNameUrlHandlerMapping -Rejected bean name 'org.springframework.boot.autoconfigure.jdbc.DataSourceTransactionManagerAutoConfiguration': no URL paths identified
2017-06-01 16:22:42.907 [main] DEBUG o.s.w.s.h.BeanNameUrlHandlerMapping -Rejected bean name 'org.springframework.boot.autoconfigure.jdbc.JdbcTemplateAutoConfiguration': no URL paths identified
2017-06-01 16:22:42.907 [main] DEBUG o.s.w.s.h.BeanNameUrlHandlerMapping -Rejected bean name 'jdbcTemplate': no URL paths identified
2017-06-01 16:22:42.907 [main] DEBUG o.s.w.s.h.BeanNameUrlHandlerMapping -Rejected bean name 'namedParameterJdbcTemplate': no URL paths identified
2017-06-01 16:22:42.907 [main] DEBUG o.s.w.s.h.BeanNameUrlHandlerMapping -Rejected bean name 'org.springframework.boot.autoconfigure.transaction.TransactionAutoConfiguration$TransactionTemplateConfiguration': no URL paths identified
2017-06-01 16:22:42.907 [main] DEBUG o.s.w.s.h.BeanNameUrlHandlerMapping -Rejected bean name 'transactionTemplate': no URL paths identified
2017-06-01 16:22:42.907 [main] DEBUG o.s.w.s.h.BeanNameUrlHandlerMapping -Rejected bean name 'org.springframework.boot.autoconfigure.transaction.TransactionAutoConfiguration': no URL paths identified
2017-06-01 16:22:42.907 [main] DEBUG o.s.w.s.h.BeanNameUrlHandlerMapping -Rejected bean name 'platformTransactionManagerCustomizers': no URL paths identified
2017-06-01 16:22:42.907 [main] DEBUG o.s.w.s.h.BeanNameUrlHandlerMapping -Rejected bean name 'spring.transaction-org.springframework.boot.autoconfigure.transaction.TransactionProperties': no URL paths identified
2017-06-01 16:22:42.907 [main] DEBUG o.s.w.s.h.BeanNameUrlHandlerMapping -Rejected bean name 'org.springframework.boot.autoconfigure.web.HttpEncodingAutoConfiguration': no URL paths identified
2017-06-01 16:22:42.907 [main] DEBUG o.s.w.s.h.BeanNameUrlHandlerMapping -Rejected bean name 'characterEncodingFilter': no URL paths identified
2017-06-01 16:22:42.907 [main] DEBUG o.s.w.s.h.BeanNameUrlHandlerMapping -Rejected bean name 'localeCharsetMappingsCustomizer': no URL paths identified
2017-06-01 16:22:42.907 [main] DEBUG o.s.w.s.h.BeanNameUrlHandlerMapping -Rejected bean name 'org.springframework.boot.autoconfigure.web.MultipartAutoConfiguration': no URL paths identified
2017-06-01 16:22:42.907 [main] DEBUG o.s.w.s.h.BeanNameUrlHandlerMapping -Rejected bean name 'multipartConfigElement': no URL paths identified
2017-06-01 16:22:42.907 [main] DEBUG o.s.w.s.h.BeanNameUrlHandlerMapping -Rejected bean name 'multipartResolver': no URL paths identified
2017-06-01 16:22:42.907 [main] DEBUG o.s.w.s.h.BeanNameUrlHandlerMapping -Rejected bean name 'spring.http.multipart-org.springframework.boot.autoconfigure.web.MultipartProperties': no URL paths identified
2017-06-01 16:22:42.907 [main] DEBUG o.s.w.s.h.BeanNameUrlHandlerMapping -Rejected bean name 'org.springframework.boot.autoconfigure.web.ServerPropertiesAutoConfiguration': no URL paths identified
2017-06-01 16:22:42.907 [main] DEBUG o.s.w.s.h.BeanNameUrlHandlerMapping -Rejected bean name 'serverProperties': no URL paths identified
2017-06-01 16:22:42.907 [main] DEBUG o.s.w.s.h.BeanNameUrlHandlerMapping -Rejected bean name 'duplicateServerPropertiesDetector': no URL paths identified
2017-06-01 16:22:42.907 [main] DEBUG o.s.w.s.h.BeanNameUrlHandlerMapping -Rejected bean name 'org.springframework.boot.autoconfigure.web.WebClientAutoConfiguration$RestTemplateConfiguration': no URL paths identified
2017-06-01 16:22:42.907 [main] DEBUG o.s.w.s.h.BeanNameUrlHandlerMapping -Rejected bean name 'restTemplateBuilder': no URL paths identified
2017-06-01 16:22:42.907 [main] DEBUG o.s.w.s.h.BeanNameUrlHandlerMapping -Rejected bean name 'org.springframework.boot.autoconfigure.web.WebClientAutoConfiguration': no URL paths identified
2017-06-01 16:22:42.907 [main] DEBUG o.s.w.s.h.BeanNameUrlHandlerMapping -Rejected bean name 'org.springframework.orm.jpa.SharedEntityManagerCreator#0': no URL paths identified
2017-06-01 16:22:42.907 [main] DEBUG o.s.w.s.h.BeanNameUrlHandlerMapping -Rejected bean name 'org.springframework.orm.jpa.SharedEntityManagerCreator#1': no URL paths identified
2017-06-01 16:22:42.923 [main] DEBUG o.s.w.s.h.BeanNameUrlHandlerMapping -Rejected bean name 'autoConfigurationReport': no URL paths identified
2017-06-01 16:22:42.923 [main] DEBUG o.s.w.s.h.BeanNameUrlHandlerMapping -Rejected bean name 'springApplicationArguments': no URL paths identified
2017-06-01 16:22:42.923 [main] DEBUG o.s.w.s.h.BeanNameUrlHandlerMapping -Rejected bean name 'springBootBanner': no URL paths identified
2017-06-01 16:22:42.923 [main] DEBUG o.s.w.s.h.BeanNameUrlHandlerMapping -Rejected bean name 'springBootLoggingSystem': no URL paths identified
2017-06-01 16:22:42.923 [main] DEBUG o.s.w.s.h.BeanNameUrlHandlerMapping -Rejected bean name 'environment': no URL paths identified
2017-06-01 16:22:42.923 [main] DEBUG o.s.w.s.h.BeanNameUrlHandlerMapping -Rejected bean name 'systemProperties': no URL paths identified
2017-06-01 16:22:42.923 [main] DEBUG o.s.w.s.h.BeanNameUrlHandlerMapping -Rejected bean name 'systemEnvironment': no URL paths identified
2017-06-01 16:22:42.923 [main] DEBUG o.s.w.s.h.BeanNameUrlHandlerMapping -Rejected bean name 'org.springframework.context.annotation.ConfigurationClassPostProcessor.importRegistry': no URL paths identified
2017-06-01 16:22:42.923 [main] DEBUG o.s.w.s.h.BeanNameUrlHandlerMapping -Rejected bean name 'messageSource': no URL paths identified
2017-06-01 16:22:42.923 [main] DEBUG o.s.w.s.h.BeanNameUrlHandlerMapping -Rejected bean name 'applicationEventMulticaster': no URL paths identified
2017-06-01 16:22:42.923 [main] DEBUG o.s.w.s.h.BeanNameUrlHandlerMapping -Rejected bean name 'servletContext': no URL paths identified
2017-06-01 16:22:42.923 [main] DEBUG o.s.w.s.h.BeanNameUrlHandlerMapping -Rejected bean name 'contextParameters': no URL paths identified
2017-06-01 16:22:42.923 [main] DEBUG o.s.w.s.h.BeanNameUrlHandlerMapping -Rejected bean name 'contextAttributes': no URL paths identified
2017-06-01 16:22:42.923 [main] INFO  o.s.w.s.h.SimpleUrlHandlerMapping -Mapped URL path [/webjars/**] onto handler of type [class org.springframework.web.servlet.resource.ResourceHttpRequestHandler]
2017-06-01 16:22:42.923 [main] INFO  o.s.w.s.h.SimpleUrlHandlerMapping -Mapped URL path [/**] onto handler of type [class org.springframework.web.servlet.resource.ResourceHttpRequestHandler]
2017-06-01 16:22:42.939 [main] DEBUG o.s.w.s.m.m.a.ExceptionHandlerExceptionResolver -Looking for exception mappings: org.springframework.boot.context.embedded.AnnotationConfigEmbeddedWebApplicationContext@327b636c: startup date [Thu Jun 01 16:22:33 CST 2017]; root of context hierarchy
2017-06-01 16:22:42.954 [main] INFO  o.s.w.s.h.SimpleUrlHandlerMapping -Mapped URL path [/**/favicon.ico] onto handler of type [class org.springframework.web.servlet.resource.ResourceHttpRequestHandler]
2017-06-01 16:22:43.173 [main] INFO  o.s.j.e.a.AnnotationMBeanExporter -Registering beans for JMX exposure on startup
2017-06-01 16:22:43.189 [main] INFO  o.s.s.a.ScheduledAnnotationBeanPostProcessor -No TaskScheduler/ScheduledExecutorService bean found for scheduled processing
2017-06-01 16:22:43.204 [main] DEBUG o.s.w.s.resource.ResourceUrlProvider -Looking for resource handler mappings
2017-06-01 16:22:43.204 [main] DEBUG o.s.w.s.resource.ResourceUrlProvider -Found resource handler mapping: URL pattern="/**/favicon.ico", locations=[ServletContext resource [/], class path resource [META-INF/resources/], class path resource [resources/], class path resource [static/], class path resource [public/], class path resource []], resolvers=[org.springframework.web.servlet.resource.PathResourceResolver@3b66ac74]
2017-06-01 16:22:43.204 [main] DEBUG o.s.w.s.resource.ResourceUrlProvider -Found resource handler mapping: URL pattern="/webjars/**", locations=[class path resource [META-INF/resources/webjars/]], resolvers=[org.springframework.web.servlet.resource.PathResourceResolver@573870cb]
2017-06-01 16:22:43.204 [main] DEBUG o.s.w.s.resource.ResourceUrlProvider -Found resource handler mapping: URL pattern="/**", locations=[ServletContext resource [/], class path resource [META-INF/resources/], class path resource [resources/], class path resource [static/], class path resource [public/]], resolvers=[org.springframework.web.servlet.resource.PathResourceResolver@5b88af70]
2017-06-01 16:22:43.235 [main] INFO  o.s.b.c.e.t.TomcatEmbeddedServletContainer -Tomcat started on port(s): 8997 (http)
2017-06-01 16:22:43.251 [main] DEBUG o.s.w.c.s.StandardServletEnvironment -Adding [server.ports] PropertySource with highest search precedence
2017-06-01 16:22:43.251 [main] INFO  com.sibat.SmartPoliceApplication -Started SmartPoliceApplication in 10.524 seconds (JVM running for 11.369)
2017-06-01 16:24:20.465 [http-nio-8997-exec-1] DEBUG o.s.web.servlet.DispatcherServlet -Initializing servlet 'dispatcherServlet'
2017-06-01 16:24:20.466 [http-nio-8997-exec-1] INFO  o.a.c.c.C.[Tomcat].[localhost].[/] -Initializing Spring FrameworkServlet 'dispatcherServlet'
2017-06-01 16:24:20.467 [http-nio-8997-exec-1] INFO  o.s.web.servlet.DispatcherServlet -FrameworkServlet 'dispatcherServlet': initialization started
2017-06-01 16:24:20.467 [http-nio-8997-exec-1] DEBUG o.s.web.servlet.DispatcherServlet -Using MultipartResolver [org.springframework.web.multipart.support.StandardServletMultipartResolver@323efafe]
2017-06-01 16:24:20.472 [http-nio-8997-exec-1] DEBUG o.s.web.servlet.DispatcherServlet -Unable to locate LocaleResolver with name 'localeResolver': using default [org.springframework.web.servlet.i18n.AcceptHeaderLocaleResolver@7cc9f755]
2017-06-01 16:24:20.478 [http-nio-8997-exec-1] DEBUG o.s.web.servlet.DispatcherServlet -Unable to locate ThemeResolver with name 'themeResolver': using default [org.springframework.web.servlet.theme.FixedThemeResolver@15ca71fc]
2017-06-01 16:24:20.484 [http-nio-8997-exec-1] DEBUG o.s.web.servlet.DispatcherServlet -Unable to locate RequestToViewNameTranslator with name 'viewNameTranslator': using default [org.springframework.web.servlet.view.DefaultRequestToViewNameTranslator@5cbe6105]
2017-06-01 16:24:20.497 [http-nio-8997-exec-1] DEBUG o.s.web.servlet.DispatcherServlet -Unable to locate FlashMapManager with name 'flashMapManager': using default [org.springframework.web.servlet.support.SessionFlashMapManager@450456a]
2017-06-01 16:24:20.497 [http-nio-8997-exec-1] DEBUG o.s.web.servlet.DispatcherServlet -Published WebApplicationContext of servlet 'dispatcherServlet' as ServletContext attribute with name [org.springframework.web.servlet.FrameworkServlet.CONTEXT.dispatcherServlet]
2017-06-01 16:24:20.497 [http-nio-8997-exec-1] INFO  o.s.web.servlet.DispatcherServlet -FrameworkServlet 'dispatcherServlet': initialization completed in 30 ms
2017-06-01 16:24:20.497 [http-nio-8997-exec-1] DEBUG o.s.web.servlet.DispatcherServlet -Servlet 'dispatcherServlet' configured successfully
2017-06-01 16:24:20.521 [http-nio-8997-exec-1] DEBUG o.s.web.servlet.DispatcherServlet -DispatcherServlet with name 'dispatcherServlet' processing GET request for [/api/event/metro/classes]
2017-06-01 16:24:20.525 [http-nio-8997-exec-1] DEBUG o.s.w.s.m.m.a.RequestMappingHandlerMapping -Looking up handler method for path /api/event/metro/classes
2017-06-01 16:24:20.528 [http-nio-8997-exec-1] DEBUG o.s.w.s.m.m.a.RequestMappingHandlerMapping -Returning handler method [public com.sibat.util.Response com.sibat.controller.WarningController.warning_classes(java.lang.String,java.lang.String) throws java.lang.Exception]
2017-06-01 16:24:20.529 [http-nio-8997-exec-1] DEBUG o.s.web.servlet.DispatcherServlet -Last-Modified value for [/api/event/metro/classes] is: -1
2017-06-01 16:24:20.795 [http-nio-8997-exec-1] DEBUG o.s.w.s.m.m.a.RequestResponseBodyMethodProcessor -Written [com.sibat.util.Response@7a83db13] as "application/json;charset=UTF-8" using [org.springframework.http.converter.json.MappingJackson2HttpMessageConverter@2cadcff6]
2017-06-01 16:24:20.796 [http-nio-8997-exec-1] DEBUG o.s.web.servlet.DispatcherServlet -Null ModelAndView returned to DispatcherServlet with name 'dispatcherServlet': assuming HandlerAdapter completed request handling
2017-06-01 16:24:20.796 [http-nio-8997-exec-1] DEBUG o.s.web.servlet.DispatcherServlet -Successfully completed request
2017-06-01 16:24:20.953 [http-nio-8997-exec-3] DEBUG o.s.web.servlet.DispatcherServlet -DispatcherServlet with name 'dispatcherServlet' processing GET request for [/favicon.ico]
2017-06-01 16:24:20.953 [http-nio-8997-exec-3] DEBUG o.s.w.s.h.SimpleUrlHandlerMapping -Matching patterns for request [/favicon.ico] are [/**/favicon.ico]
2017-06-01 16:24:20.954 [http-nio-8997-exec-3] DEBUG o.s.w.s.h.SimpleUrlHandlerMapping -URI Template variables for request [/favicon.ico] are {}
2017-06-01 16:24:20.955 [http-nio-8997-exec-3] DEBUG o.s.w.s.h.SimpleUrlHandlerMapping -Mapping [/favicon.ico] to HandlerExecutionChain with handler [ResourceHttpRequestHandler [locations=[ServletContext resource [/], class path resource [META-INF/resources/], class path resource [resources/], class path resource [static/], class path resource [public/], class path resource []], resolvers=[org.springframework.web.servlet.resource.PathResourceResolver@3b66ac74]]] and 1 interceptor
2017-06-01 16:24:20.978 [http-nio-8997-exec-3] DEBUG o.s.web.servlet.DispatcherServlet -Last-Modified value for [/favicon.ico] is: -1
2017-06-01 16:24:21.285 [http-nio-8997-exec-3] DEBUG o.s.web.servlet.DispatcherServlet -Null ModelAndView returned to DispatcherServlet with name 'dispatcherServlet': assuming HandlerAdapter completed request handling
2017-06-01 16:24:21.285 [http-nio-8997-exec-3] DEBUG o.s.web.servlet.DispatcherServlet -Successfully completed request
